-------------------------------------------------------------------------------
Test set: com.moneytracker.service.JwtServiceTest
-------------------------------------------------------------------------------
Tests run: 6, Failures: 1, Errors: 1, Skipped: 0, Time elapsed: 0.167 s <<< FAILURE! -- in com.moneytracker.service.JwtServiceTest
com.moneytracker.service.JwtServiceTest.createPerson_Success -- Time elapsed: 0.008 s <<< ERROR!
org.mockito.exceptions.misusing.UnnecessaryStubbingException: 

Unnecessary stubbings detected.
Clean & maintainable test code requires zero unnecessary code.
Following stubbings are unnecessary (click to navigate to relevant line of code):
  1. -> at com.moneytracker.service.JwtServiceTest.createPerson_Success(JwtServiceTest.java:57)
  2. -> at com.moneytracker.service.JwtServiceTest.createPerson_Success(JwtServiceTest.java:58)
Please remove unnecessary stubbings or use 'lenient' strictness. More info: javadoc for UnnecessaryStubbingException class.
	at org.mockito.junit.jupiter.MockitoExtension.afterEach(MockitoExtension.java:192)
	at java.base/java.util.ArrayList.forEach(ArrayList.java:1596)
	at java.base/java.util.ArrayList.forEach(ArrayList.java:1596)

com.moneytracker.service.JwtServiceTest.createPerson_DuplicateUsername -- Time elapsed: 0.004 s <<< FAILURE!
org.opentest4j.AssertionFailedError: Unexpected exception type thrown, expected: <com.moneytracker.exception.DuplicateResourceException> but was: <java.lang.NullPointerException>
	at org.junit.jupiter.api.AssertionFailureBuilder.build(AssertionFailureBuilder.java:151)
	at org.junit.jupiter.api.AssertThrows.assertThrows(AssertThrows.java:67)
	at org.junit.jupiter.api.AssertThrows.assertThrows(AssertThrows.java:35)
	at org.junit.jupiter.api.Assertions.assertThrows(Assertions.java:3115)
	at com.moneytracker.service.JwtServiceTest.createPerson_DuplicateUsername(JwtServiceTest.java:76)
	at java.base/java.lang.reflect.Method.invoke(Method.java:580)
	at java.base/java.util.ArrayList.forEach(ArrayList.java:1596)
	at java.base/java.util.ArrayList.forEach(ArrayList.java:1596)
Caused by: java.lang.NullPointerException: Cannot invoke "com.moneytracker.entity.Person.getId()" because "person" is null
	at com.moneytracker.service.PersonServiceImpl.convertToDTO(PersonServiceImpl.java:137)
	at com.moneytracker.service.PersonServiceImpl.createPerson(PersonServiceImpl.java:49)
	at com.moneytracker.service.JwtServiceTest.lambda$createPerson_DuplicateUsername$0(JwtServiceTest.java:76)
	at org.junit.jupiter.api.AssertThrows.assertThrows(AssertThrows.java:53)
	... 6 more

